
> web@0.1.0 build
> next build

   ▲ Next.js 14.1.0

   Creating an optimized production build ...
 ✓ Compiled successfully
   Linting and checking validity of types ...
   Collecting page data ...
   Generating static pages (0/5) ...
   Generating static pages (1/5) 
   Generating static pages (2/5) 
   Generating static pages (3/5) 
 ✓ Generating static pages (5/5) 
   Finalizing page optimization ...
   Collecting build traces ...

Route (app)                              Size     First Load JS
┌ ○ /                                    5.85 kB          90 kB
└ ○ /_not-found                          881 B          85.1 kB
+ First Load JS shared by all            84.2 kB
  ├ chunks/1dd3208c-17c356cd7a1c1d43.js  53.4 kB
  ├ chunks/997-c2c56d09e24e2e1d.js       28.9 kB
  └ other shared chunks (total)          1.9 kB


○  (Static)  prerendered as static content

